# JRE version: Java(TM) SE Runtime Environment (17.0.12+8) (build 17.0.12+8-LTS-286)
# Java VM: Java HotSpot(TM) 64-Bit Server VM (17.0.12+8-LTS-286, mixed mode, sharing, tiered, compressed oops, compressed class ptrs, g1 gc, windows-amd64)
GC Precious Log:
 CPUs: 16 total, 16 available
 Memory: 16088M
 Large Page Support: Disabled
 NUMA Support: Disabled
 Compressed Oops: Enabled (Zero based)
 Heap Region Size: 4M
 Heap Min Capacity: 8M
 Heap Initial Capacity: 252M
 Heap Max Capacity: 8G
 Pre-touch: Disabled
 Parallel Workers: 13
 Concurrent Workers: 3
 Concurrent Refinement Workers: 13
 Periodic GC: Disabled
Heap:
 garbage-first heap   total 212992K, used 149417K [0x0000000600000000, 0x0000000800000000)
  region size 4096K, 12 young (49152K), 1 survivors (4096K)
 Metaspace       used 83112K, committed 83968K, reserved 1179648K
  class space    used 11493K, committed 11904K, reserved 1048576K
GC Heap History (20 events):
Event: 12.255 GC heap before
{Heap before GC invocations=25 (full 0):
 garbage-first heap   total 151552K, used 99923K [0x0000000600000000, 0x0000000800000000)
  region size 4096K, 10 young (40960K), 2 survivors (8192K)
 Metaspace       used 67777K, committed 68480K, reserved 1114112K
  class space    used 9646K, committed 9984K, reserved 1048576K
}
Event: 12.261 GC heap after
{Heap after GC invocations=26 (full 0):
 garbage-first heap   total 151552K, used 72204K [0x0000000600000000, 0x0000000800000000)
  region size 4096K, 2 young (8192K), 2 survivors (8192K)
 Metaspace       used 67777K, committed 68480K, reserved 1114112K
  class space    used 9646K, committed 9984K, reserved 1048576K
}
Event: 12.443 GC heap before
{Heap before GC invocations=26 (full 0):
 garbage-first heap   total 151552K, used 113164K [0x0000000600000000, 0x0000000800000000)
  region size 4096K, 13 young (53248K), 2 survivors (8192K)
 Metaspace       used 67838K, committed 68544K, reserved 1114112K
  class space    used 9654K, committed 10048K, reserved 1048576K
}
Event: 12.449 GC heap after
{Heap after GC invocations=27 (full 0):
 garbage-first heap   total 151552K, used 74766K [0x0000000600000000, 0x0000000800000000)
  region size 4096K, 2 young (8192K), 2 survivors (8192K)
 Metaspace       used 67838K, committed 68544K, reserved 1114112K
  class space    used 9654K, committed 10048K, reserved 1048576K
}
Event: 12.621 GC heap before
{Heap before GC invocations=28 (full 0):
 garbage-first heap   total 151552K, used 74766K [0x0000000600000000, 0x0000000800000000)
  region size 4096K, 4 young (16384K), 2 survivors (8192K)
 Metaspace       used 67844K, committed 68544K, reserved 1114112K
  class space    used 9654K, committed 10048K, reserved 1048576K
}
Event: 12.625 GC heap after
{Heap after GC invocations=29 (full 0):
 garbage-first heap   total 151552K, used 80322K [0x0000000600000000, 0x0000000800000000)
  region size 4096K, 2 young (8192K), 2 survivors (8192K)
 Metaspace       used 67844K, committed 68544K, reserved 1114112K
  class space    used 9654K, committed 10048K, reserved 1048576K
}
Event: 12.937 GC heap before
{Heap before GC invocations=30 (full 0):
 garbage-first heap   total 151552K, used 108994K [0x0000000600000000, 0x0000000800000000)
  region size 4096K, 8 young (32768K), 2 survivors (8192K)
 Metaspace       used 68300K, committed 68992K, reserved 1114112K
  class space    used 9717K, committed 10048K, reserved 1048576K
}
Event: 12.941 GC heap after
{Heap after GC invocations=31 (full 0):
 garbage-first heap   total 151552K, used 89700K [0x0000000600000000, 0x0000000800000000)
  region size 4096K, 1 young (4096K), 1 survivors (4096K)
 Metaspace       used 68300K, committed 68992K, reserved 1114112K
  class space    used 9717K, committed 10048K, reserved 1048576K
}
Event: 13.220 GC heap before
{Heap before GC invocations=31 (full 0):
 garbage-first heap   total 151552K, used 106084K [0x0000000600000000, 0x0000000800000000)
  region size 4096K, 6 young (24576K), 1 survivors (4096K)
 Metaspace       used 69239K, committed 70016K, reserved 1114112K
  class space    used 9839K, committed 10240K, reserved 1048576K
}
Event: 13.224 GC heap after
{Heap after GC invocations=32 (full 0):
 garbage-first heap   total 151552K, used 93274K [0x0000000600000000, 0x0000000800000000)
  region size 4096K, 1 young (4096K), 1 survivors (4096K)
 Metaspace       used 69239K, committed 70016K, reserved 1114112K
  class space    used 9839K, committed 10240K, reserved 1048576K
}
Event: 13.474 GC heap before
{Heap before GC invocations=33 (full 0):
 garbage-first heap   total 163840K, used 113754K [0x0000000600000000, 0x0000000800000000)
  region size 4096K, 6 young (24576K), 1 survivors (4096K)
 Metaspace       used 70635K, committed 71360K, reserved 1114112K
  class space    used 10010K, committed 10368K, reserved 1048576K
}
Event: 13.477 GC heap after
{Heap after GC invocations=34 (full 0):
 garbage-first heap   total 163840K, used 95123K [0x0000000600000000, 0x0000000800000000)
  region size 4096K, 1 young (4096K), 1 survivors (4096K)
 Metaspace       used 70635K, committed 71360K, reserved 1114112K
  class space    used 10010K, committed 10368K, reserved 1048576K
}
Event: 13.769 GC heap before
{Heap before GC invocations=34 (full 0):
 garbage-first heap   total 163840K, used 119699K [0x0000000600000000, 0x0000000800000000)
  region size 4096K, 7 young (28672K), 1 survivors (4096K)
 Metaspace       used 73086K, committed 73856K, reserved 1114112K
  class space    used 10236K, committed 10624K, reserved 1048576K
}
Event: 13.771 GC heap after
{Heap after GC invocations=35 (full 0):
 garbage-first heap   total 212992K, used 95595K [0x0000000600000000, 0x0000000800000000)
  region size 4096K, 1 young (4096K), 1 survivors (4096K)
 Metaspace       used 73086K, committed 73856K, reserved 1114112K
  class space    used 10236K, committed 10624K, reserved 1048576K
}
Event: 14.537 GC heap before
{Heap before GC invocations=36 (full 0):
 garbage-first heap   total 212992K, used 144747K [0x0000000600000000, 0x0000000800000000)
  region size 4096K, 14 young (57344K), 1 survivors (4096K)
 Metaspace       used 77206K, committed 78016K, reserved 1179648K
  class space    used 10706K, committed 11072K, reserved 1048576K
}
Event: 14.543 GC heap after
{Heap after GC invocations=37 (full 0):
 garbage-first heap   total 212992K, used 101115K [0x0000000600000000, 0x0000000800000000)
  region size 4096K, 2 young (8192K), 2 survivors (8192K)
 Metaspace       used 77206K, committed 78016K, reserved 1179648K
  class space    used 10706K, committed 11072K, reserved 1048576K
}
Event: 15.342 GC heap before
{Heap before GC invocations=37 (full 0):
 garbage-first heap   total 212992K, used 154363K [0x0000000600000000, 0x0000000800000000)
  region size 4096K, 15 young (61440K), 2 survivors (8192K)
 Metaspace       used 81069K, committed 81856K, reserved 1179648K
  class space    used 11208K, committed 11584K, reserved 1048576K
}
Event: 15.348 GC heap after
{Heap after GC invocations=38 (full 0):
 garbage-first heap   total 212992K, used 104409K [0x0000000600000000, 0x0000000800000000)
  region size 4096K, 1 young (4096K), 1 survivors (4096K)
 Metaspace       used 81069K, committed 81856K, reserved 1179648K
  class space    used 11208K, committed 11584K, reserved 1048576K
}
Event: 15.489 GC heap before
{Heap before GC invocations=38 (full 0):
 garbage-first heap   total 212992K, used 116697K [0x0000000600000000, 0x0000000800000000)
  region size 4096K, 5 young (20480K), 1 survivors (4096K)
 Metaspace       used 81975K, committed 82752K, reserved 1179648K
  class space    used 11331K, committed 11712K, reserved 1048576K
}
Event: 15.492 GC heap after
{Heap after GC invocations=39 (full 0):
 garbage-first heap   total 212992K, used 104361K [0x0000000600000000, 0x0000000800000000)
  region size 4096K, 1 young (4096K), 1 survivors (4096K)
 Metaspace       used 81975K, committed 82752K, reserved 1179648K
  class space    used 11331K, committed 11712K, reserved 1048576K
}

