# JRE version: Java(TM) SE Runtime Environment (17.0.12+8) (build 17.0.12+8-LTS-286)
# Java VM: Java HotSpot(TM) 64-Bit Server VM (17.0.12+8-LTS-286, mixed mode, sharing, tiered, compressed oops, compressed class ptrs, g1 gc, windows-amd64)
GC Precious Log:
 CPUs: 16 total, 16 available
 Memory: 16088M
 Large Page Support: Disabled
 NUMA Support: Disabled
 Compressed Oops: Enabled (Zero based)
 Heap Region Size: 4M
 Heap Min Capacity: 8M
 Heap Initial Capacity: 252M
 Heap Max Capacity: 8G
 Pre-touch: Disabled
 Parallel Workers: 13
 Concurrent Workers: 3
 Concurrent Refinement Workers: 13
 Periodic GC: Disabled
Heap:
 garbage-first heap   total 303104K, used 169711K [0x0000000600000000, 0x0000000800000000)
  region size 4096K, 2 young (8192K), 1 survivors (4096K)
 Metaspace       used 105296K, committed 106304K, reserved 1179648K
  class space    used 14677K, committed 15168K, reserved 1048576K
GC Heap History (20 events):
Event: 39.166 GC heap before
{Heap before GC invocations=37 (full 0):
 garbage-first heap   total 192512K, used 154775K [0x0000000600000000, 0x0000000800000000)
  region size 4096K, 11 young (45056K), 2 survivors (8192K)
 Metaspace       used 90177K, committed 91072K, reserved 1179648K
  class space    used 12365K, committed 12800K, reserved 1048576K
}
Event: 39.171 GC heap after
{Heap after GC invocations=38 (full 0):
 garbage-first heap   total 192512K, used 121262K [0x0000000600000000, 0x0000000800000000)
  region size 4096K, 2 young (8192K), 2 survivors (8192K)
 Metaspace       used 90177K, committed 91072K, reserved 1179648K
  class space    used 12365K, committed 12800K, reserved 1048576K
}
Event: 40.400 GC heap before
{Heap before GC invocations=38 (full 0):
 garbage-first heap   total 192512K, used 158126K [0x0000000600000000, 0x0000000800000000)
  region size 4096K, 11 young (45056K), 2 survivors (8192K)
 Metaspace       used 90534K, committed 91456K, reserved 1179648K
  class space    used 12381K, committed 12800K, reserved 1048576K
}
Event: 40.405 GC heap after
{Heap after GC invocations=39 (full 0):
 garbage-first heap   total 192512K, used 125798K [0x0000000600000000, 0x0000000800000000)
  region size 4096K, 2 young (8192K), 2 survivors (8192K)
 Metaspace       used 90534K, committed 91456K, reserved 1179648K
  class space    used 12381K, committed 12800K, reserved 1048576K
}
Event: 40.627 GC heap before
{Heap before GC invocations=39 (full 0):
 garbage-first heap   total 192512K, used 154470K [0x0000000600000000, 0x0000000800000000)
  region size 4096K, 10 young (40960K), 2 survivors (8192K)
 Metaspace       used 90554K, committed 91456K, reserved 1179648K
  class space    used 12381K, committed 12800K, reserved 1048576K
}
Event: 40.632 GC heap after
{Heap after GC invocations=40 (full 0):
 garbage-first heap   total 192512K, used 128555K [0x0000000600000000, 0x0000000800000000)
  region size 4096K, 1 young (4096K), 1 survivors (4096K)
 Metaspace       used 90554K, committed 91456K, reserved 1179648K
  class space    used 12381K, committed 12800K, reserved 1048576K
}
Event: 40.716 GC heap before
{Heap before GC invocations=40 (full 0):
 garbage-first heap   total 192512K, used 157227K [0x0000000600000000, 0x0000000800000000)
  region size 4096K, 8 young (32768K), 1 survivors (4096K)
 Metaspace       used 90555K, committed 91456K, reserved 1179648K
  class space    used 12381K, committed 12800K, reserved 1048576K
}
Event: 40.720 GC heap after
{Heap after GC invocations=41 (full 0):
 garbage-first heap   total 233472K, used 129942K [0x0000000600000000, 0x0000000800000000)
  region size 4096K, 1 young (4096K), 1 survivors (4096K)
 Metaspace       used 90555K, committed 91456K, reserved 1179648K
  class space    used 12381K, committed 12800K, reserved 1048576K
}
Event: 41.123 GC heap before
{Heap before GC invocations=41 (full 0):
 garbage-first heap   total 233472K, used 183190K [0x0000000600000000, 0x0000000800000000)
  region size 4096K, 15 young (61440K), 1 survivors (4096K)
 Metaspace       used 90568K, committed 91520K, reserved 1179648K
  class space    used 12381K, committed 12800K, reserved 1048576K
}
Event: 41.127 GC heap after
{Heap after GC invocations=42 (full 0):
 garbage-first heap   total 233472K, used 131019K [0x0000000600000000, 0x0000000800000000)
  region size 4096K, 1 young (4096K), 1 survivors (4096K)
 Metaspace       used 90568K, committed 91520K, reserved 1179648K
  class space    used 12381K, committed 12800K, reserved 1048576K
}
Event: 42.137 GC heap before
{Heap before GC invocations=42 (full 0):
 garbage-first heap   total 233472K, used 188363K [0x0000000600000000, 0x0000000800000000)
  region size 4096K, 15 young (61440K), 1 survivors (4096K)
 Metaspace       used 92506K, committed 93376K, reserved 1179648K
  class space    used 12637K, committed 13056K, reserved 1048576K
}
Event: 42.141 GC heap after
{Heap after GC invocations=43 (full 0):
 garbage-first heap   total 233472K, used 147352K [0x0000000600000000, 0x0000000800000000)
  region size 4096K, 2 young (8192K), 2 survivors (8192K)
 Metaspace       used 92506K, committed 93376K, reserved 1179648K
  class space    used 12637K, committed 13056K, reserved 1048576K
}
Event: 43.944 GC heap before
{Heap before GC invocations=43 (full 0):
 garbage-first heap   total 233472K, used 192408K [0x0000000600000000, 0x0000000800000000)
  region size 4096K, 13 young (53248K), 2 survivors (8192K)
 Metaspace       used 95086K, committed 96064K, reserved 1179648K
  class space    used 12976K, committed 13440K, reserved 1048576K
}
Event: 43.948 GC heap after
{Heap after GC invocations=44 (full 0):
 garbage-first heap   total 233472K, used 149567K [0x0000000600000000, 0x0000000800000000)
  region size 4096K, 1 young (4096K), 1 survivors (4096K)
 Metaspace       used 95086K, committed 96064K, reserved 1179648K
  class space    used 12976K, committed 13440K, reserved 1048576K
}
Event: 44.444 GC heap before
{Heap before GC invocations=44 (full 0):
 garbage-first heap   total 233472K, used 190527K [0x0000000600000000, 0x0000000800000000)
  region size 4096K, 11 young (45056K), 1 survivors (4096K)
 Metaspace       used 100355K, committed 101312K, reserved 1179648K
  class space    used 13628K, committed 14080K, reserved 1048576K
}
Event: 44.447 GC heap after
{Heap after GC invocations=45 (full 0):
 garbage-first heap   total 233472K, used 150865K [0x0000000600000000, 0x0000000800000000)
  region size 4096K, 2 young (8192K), 2 survivors (8192K)
 Metaspace       used 100355K, committed 101312K, reserved 1179648K
  class space    used 13628K, committed 14080K, reserved 1048576K
}
Event: 44.873 GC heap before
{Heap before GC invocations=45 (full 0):
 garbage-first heap   total 233472K, used 200017K [0x0000000600000000, 0x0000000800000000)
  region size 4096K, 12 young (49152K), 2 survivors (8192K)
 Metaspace       used 105135K, committed 106176K, reserved 1179648K
  class space    used 14669K, committed 15168K, reserved 1048576K
}
Event: 44.877 GC heap after
{Heap after GC invocations=46 (full 0):
 garbage-first heap   total 233472K, used 164047K [0x0000000600000000, 0x0000000800000000)
  region size 4096K, 2 young (8192K), 2 survivors (8192K)
 Metaspace       used 105135K, committed 106176K, reserved 1179648K
  class space    used 14669K, committed 15168K, reserved 1048576K
}
Event: 45.011 GC heap before
{Heap before GC invocations=46 (full 0):
 garbage-first heap   total 233472K, used 192719K [0x0000000600000000, 0x0000000800000000)
  region size 4096K, 9 young (36864K), 2 survivors (8192K)
 Metaspace       used 105266K, committed 106304K, reserved 1179648K
  class space    used 14674K, committed 15168K, reserved 1048576K
}
Event: 45.018 GC heap after
{Heap after GC invocations=47 (full 0):
 garbage-first heap   total 233472K, used 163634K [0x0000000600000000, 0x0000000800000000)
  region size 4096K, 2 young (8192K), 2 survivors (8192K)
 Metaspace       used 105266K, committed 106304K, reserved 1179648K
  class space    used 14674K, committed 15168K, reserved 1048576K
}

